<?xml version="1.0" encoding="UTF-8"?>
<testsuite name="com.anthropic.rcct.model.ThoughtNodeTest" tests="2" skipped="0" failures="0" errors="0" timestamp="2025-03-10T19:37:04Z" hostname="Ryans-MacBook-Pro.local" time="0.007">
  <properties/>
  <testcase name="testGettersAndSetters()" classname="com.anthropic.rcct.model.ThoughtNodeTest" time="0.006"/>
  <testcase name="testAllArgsConstructor()" classname="com.anthropic.rcct.model.ThoughtNodeTest" time="0.0"/>
  <system-out><![CDATA[]]></system-out>
  <system-err><![CDATA[]]></system-err>
</testsuite>
